<?xml version="1.0" encoding="UTF-8"?>
<testsuite xmlns:xsi="http://www.w3.org/2001/XMLSchema-instance" xsi:noNamespaceSchemaLocation="https://maven.apache.org/surefire/maven-surefire-plugin/xsd/surefire-test-report-3.0.xsd" version="3.0" name="com.mycompany.app.AppTest" time="0.015" tests="5" errors="0" skipped="0" failures="0">
  <properties>
    <property name="java.specification.version" value="19"/>
    <property name="sun.jnu.encoding" value="UTF-8"/>
    <property name="java.class.path" value="/Users/irems-pc/Desktop/myDemoApp/target/test-classes:/Users/irems-pc/Desktop/myDemoApp/target/classes:/Users/irems-pc/.m2/repository/junit/junit/3.8.1/junit-3.8.1.jar:/Users/irems-pc/.m2/repository/com/sparkjava/spark-core/2.5.4/spark-core-2.5.4.jar:/Users/irems-pc/.m2/repository/org/slf4j/slf4j-api/1.7.13/slf4j-api-1.7.13.jar:/Users/irems-pc/.m2/repository/org/eclipse/jetty/jetty-server/9.3.6.v20151106/jetty-server-9.3.6.v20151106.jar:/Users/irems-pc/.m2/repository/javax/servlet/javax.servlet-api/3.1.0/javax.servlet-api-3.1.0.jar:/Users/irems-pc/.m2/repository/org/eclipse/jetty/jetty-http/9.3.6.v20151106/jetty-http-9.3.6.v20151106.jar:/Users/irems-pc/.m2/repository/org/eclipse/jetty/jetty-util/9.3.6.v20151106/jetty-util-9.3.6.v20151106.jar:/Users/irems-pc/.m2/repository/org/eclipse/jetty/jetty-io/9.3.6.v20151106/jetty-io-9.3.6.v20151106.jar:/Users/irems-pc/.m2/repository/org/eclipse/jetty/jetty-webapp/9.3.6.v20151106/jetty-webapp-9.3.6.v20151106.jar:/Users/irems-pc/.m2/repository/org/eclipse/jetty/jetty-xml/9.3.6.v20151106/jetty-xml-9.3.6.v20151106.jar:/Users/irems-pc/.m2/repository/org/eclipse/jetty/jetty-servlet/9.3.6.v20151106/jetty-servlet-9.3.6.v20151106.jar:/Users/irems-pc/.m2/repository/org/eclipse/jetty/jetty-security/9.3.6.v20151106/jetty-security-9.3.6.v20151106.jar:/Users/irems-pc/.m2/repository/org/eclipse/jetty/websocket/websocket-server/9.3.6.v20151106/websocket-server-9.3.6.v20151106.jar:/Users/irems-pc/.m2/repository/org/eclipse/jetty/websocket/websocket-common/9.3.6.v20151106/websocket-common-9.3.6.v20151106.jar:/Users/irems-pc/.m2/repository/org/eclipse/jetty/websocket/websocket-client/9.3.6.v20151106/websocket-client-9.3.6.v20151106.jar:/Users/irems-pc/.m2/repository/org/eclipse/jetty/websocket/websocket-servlet/9.3.6.v20151106/websocket-servlet-9.3.6.v20151106.jar:/Users/irems-pc/.m2/repository/org/eclipse/jetty/websocket/websocket-api/9.3.6.v20151106/websocket-api-9.3.6.v20151106.jar:/Users/irems-pc/.m2/repository/com/sparkjava/spark-template-mustache/2.3/spark-template-mustache-2.3.jar:/Users/irems-pc/.m2/repository/com/github/spullara/mustache/java/compiler/0.9.0/compiler-0.9.0.jar:/Users/irems-pc/.m2/repository/org/apache/logging/log4j/log4j-core/2.10.0/log4j-core-2.10.0.jar:/Users/irems-pc/.m2/repository/org/apache/logging/log4j/log4j-api/2.10.0/log4j-api-2.10.0.jar:/Users/irems-pc/.m2/repository/org/apache/logging/log4j/log4j-slf4j-impl/2.10.0/log4j-slf4j-impl-2.10.0.jar:"/>
    <property name="java.vm.vendor" value="Oracle Corporation"/>
    <property name="sun.arch.data.model" value="64"/>
    <property name="java.vendor.url" value="https://java.oracle.com/"/>
    <property name="os.name" value="Mac OS X"/>
    <property name="java.vm.specification.version" value="19"/>
    <property name="sun.java.launcher" value="SUN_STANDARD"/>
    <property name="user.country" value="TR"/>
    <property name="sun.boot.library.path" value="/Library/Java/JavaVirtualMachines/jdk-19.jdk/Contents/Home/lib"/>
    <property name="sun.java.command" value="/Users/irems-pc/Desktop/myDemoApp/target/surefire/surefirebooter-20240312163826143_3.jar /Users/irems-pc/Desktop/myDemoApp/target/surefire 2024-03-12T16-38-26_109-jvmRun1 surefire-20240312163826143_1tmp surefire_0-20240312163826143_2tmp"/>
    <property name="http.nonProxyHosts" value="local|*.local|169.254/16|*.169.254/16"/>
    <property name="jdk.debug" value="release"/>
    <property name="surefire.test.class.path" value="/Users/irems-pc/Desktop/myDemoApp/target/test-classes:/Users/irems-pc/Desktop/myDemoApp/target/classes:/Users/irems-pc/.m2/repository/junit/junit/3.8.1/junit-3.8.1.jar:/Users/irems-pc/.m2/repository/com/sparkjava/spark-core/2.5.4/spark-core-2.5.4.jar:/Users/irems-pc/.m2/repository/org/slf4j/slf4j-api/1.7.13/slf4j-api-1.7.13.jar:/Users/irems-pc/.m2/repository/org/eclipse/jetty/jetty-server/9.3.6.v20151106/jetty-server-9.3.6.v20151106.jar:/Users/irems-pc/.m2/repository/javax/servlet/javax.servlet-api/3.1.0/javax.servlet-api-3.1.0.jar:/Users/irems-pc/.m2/repository/org/eclipse/jetty/jetty-http/9.3.6.v20151106/jetty-http-9.3.6.v20151106.jar:/Users/irems-pc/.m2/repository/org/eclipse/jetty/jetty-util/9.3.6.v20151106/jetty-util-9.3.6.v20151106.jar:/Users/irems-pc/.m2/repository/org/eclipse/jetty/jetty-io/9.3.6.v20151106/jetty-io-9.3.6.v20151106.jar:/Users/irems-pc/.m2/repository/org/eclipse/jetty/jetty-webapp/9.3.6.v20151106/jetty-webapp-9.3.6.v20151106.jar:/Users/irems-pc/.m2/repository/org/eclipse/jetty/jetty-xml/9.3.6.v20151106/jetty-xml-9.3.6.v20151106.jar:/Users/irems-pc/.m2/repository/org/eclipse/jetty/jetty-servlet/9.3.6.v20151106/jetty-servlet-9.3.6.v20151106.jar:/Users/irems-pc/.m2/repository/org/eclipse/jetty/jetty-security/9.3.6.v20151106/jetty-security-9.3.6.v20151106.jar:/Users/irems-pc/.m2/repository/org/eclipse/jetty/websocket/websocket-server/9.3.6.v20151106/websocket-server-9.3.6.v20151106.jar:/Users/irems-pc/.m2/repository/org/eclipse/jetty/websocket/websocket-common/9.3.6.v20151106/websocket-common-9.3.6.v20151106.jar:/Users/irems-pc/.m2/repository/org/eclipse/jetty/websocket/websocket-client/9.3.6.v20151106/websocket-client-9.3.6.v20151106.jar:/Users/irems-pc/.m2/repository/org/eclipse/jetty/websocket/websocket-servlet/9.3.6.v20151106/websocket-servlet-9.3.6.v20151106.jar:/Users/irems-pc/.m2/repository/org/eclipse/jetty/websocket/websocket-api/9.3.6.v20151106/websocket-api-9.3.6.v20151106.jar:/Users/irems-pc/.m2/repository/com/sparkjava/spark-template-mustache/2.3/spark-template-mustache-2.3.jar:/Users/irems-pc/.m2/repository/com/github/spullara/mustache/java/compiler/0.9.0/compiler-0.9.0.jar:/Users/irems-pc/.m2/repository/org/apache/logging/log4j/log4j-core/2.10.0/log4j-core-2.10.0.jar:/Users/irems-pc/.m2/repository/org/apache/logging/log4j/log4j-api/2.10.0/log4j-api-2.10.0.jar:/Users/irems-pc/.m2/repository/org/apache/logging/log4j/log4j-slf4j-impl/2.10.0/log4j-slf4j-impl-2.10.0.jar:"/>
    <property name="sun.cpu.endian" value="little"/>
    <property name="user.home" value="/Users/irems-pc"/>
    <property name="user.language" value="en"/>
    <property name="java.specification.vendor" value="Oracle Corporation"/>
    <property name="java.version.date" value="2022-10-18"/>
    <property name="java.home" value="/Library/Java/JavaVirtualMachines/jdk-19.jdk/Contents/Home"/>
    <property name="file.separator" value="/"/>
    <property name="basedir" value="/Users/irems-pc/Desktop/myDemoApp"/>
    <property name="java.vm.compressedOopsMode" value="Zero based"/>
    <property name="line.separator" value="&#10;"/>
    <property name="java.vm.specification.vendor" value="Oracle Corporation"/>
    <property name="java.specification.name" value="Java Platform API Specification"/>
    <property name="apple.awt.application.name" value="ForkedBooter"/>
    <property name="surefire.real.class.path" value="/Users/irems-pc/Desktop/myDemoApp/target/surefire/surefirebooter-20240312163826143_3.jar"/>
    <property name="sun.management.compiler" value="HotSpot 64-Bit Tiered Compilers"/>
    <property name="ftp.nonProxyHosts" value="local|*.local|169.254/16|*.169.254/16"/>
    <property name="java.runtime.version" value="19.0.1+10-21"/>
    <property name="user.name" value="irems-pc"/>
    <property name="stdout.encoding" value="UTF-8"/>
    <property name="path.separator" value=":"/>
    <property name="os.version" value="14.2.1"/>
    <property name="java.runtime.name" value="Java(TM) SE Runtime Environment"/>
    <property name="file.encoding" value="UTF-8"/>
    <property name="java.vm.name" value="Java HotSpot(TM) 64-Bit Server VM"/>
    <property name="localRepository" value="/Users/irems-pc/.m2/repository"/>
    <property name="java.vendor.url.bug" value="https://bugreport.java.com/bugreport/"/>
    <property name="java.io.tmpdir" value="/var/folders/jc/qt5z4s0d1mzgcjl3bl357y8c0000gn/T/"/>
    <property name="java.version" value="19.0.1"/>
    <property name="user.dir" value="/Users/irems-pc/Desktop/myDemoApp"/>
    <property name="os.arch" value="aarch64"/>
    <property name="java.vm.specification.name" value="Java Virtual Machine Specification"/>
    <property name="native.encoding" value="UTF-8"/>
    <property name="java.library.path" value="/Users/irems-pc/Library/Java/Extensions:/Library/Java/Extensions:/Network/Library/Java/Extensions:/System/Library/Java/Extensions:/usr/lib/java:."/>
    <property name="java.vm.info" value="mixed mode, sharing"/>
    <property name="stderr.encoding" value="UTF-8"/>
    <property name="java.vendor" value="Oracle Corporation"/>
    <property name="java.vm.version" value="19.0.1+10-21"/>
    <property name="sun.io.unicode.encoding" value="UnicodeBig"/>
    <property name="socksNonProxyHosts" value="local|*.local|169.254/16|*.169.254/16"/>
    <property name="java.class.version" value="63.0"/>
  </properties>
  <testcase name="testValidParameters" classname="com.mycompany.app.AppTest" time="0.006">
    <system-out><![CDATA[average of first term notes: 87.5
average of second term notes: 87.5
Students First Term Lectures:
+-------------------------+
| Lectures                |
+-------------------------+
| Math                   |
| Science                |
+-------------------------+

Students Second Term Lectures:
+-------------------------+
| Lectures                |
+-------------------------+
| History                |
| English                |
+-------------------------+
student succeeds first semester
student succeeds second semester
]]></system-out>
  </testcase>
  <testcase name="testNullFullName" classname="com.mycompany.app.AppTest" time="0.001">
    <system-out><![CDATA[invalid name
]]></system-out>
  </testcase>
  <testcase name="testEmptyFullName" classname="com.mycompany.app.AppTest" time="0.0">
    <system-out><![CDATA[invalid name
]]></system-out>
  </testcase>
  <testcase name="testInvalidAge" classname="com.mycompany.app.AppTest" time="0.0">
    <system-out><![CDATA[student's age is not suitable
]]></system-out>
  </testcase>
  <testcase name="testInvalidNotes" classname="com.mycompany.app.AppTest" time="0.0">
    <system-out><![CDATA[term1 notes are invalid
]]></system-out>
  </testcase>
</testsuite>